<?xml version="1.0" encoding="UTF-8"?>
<!-- Generated by org.testng.reporters.JUnitXMLReporter -->
<testsuite ignored="0" hostname="DESKTOP-0JU52NV" failures="1" tests="5" name="Command line test" time="0.316" errors="0" timestamp="2022-04-22T09:37:56 IST">
  <testcase classname="TestNGAnnotations" name="testMe" time="0.019"/>
  <testcase classname="TestNGAnnotations" name="testMe2" time="0.002"/>
  <testcase classname="TestNGDemo" name="Login" time="0.002">
    <failure type="java.lang.ArithmeticException" message="/ by zero">
      <![CDATA[java.lang.ArithmeticException: / by zero
at TestNGDemo.Login(TestNGDemo.java:18)
at java.base/java.util.ArrayList.forEach(ArrayList.java:1541)
... Removed 37 stack frames]]>
    </failure>
  </testcase> <!-- Login -->
  <testcase classname="TestNGDemo" name="HomePage" time="0.009"/>
  <testcase classname="TestNGDemo" name="Logout" time="0.002"/>
</testsuite> <!-- Command line test -->
