<?xml version="1.0" encoding="UTF-8"?>
<testng-results ignored="0" total="2" passed="2" failed="0" skipped="0">
  <reporter-output>
  </reporter-output>
  <suite started-at="2022-04-21T10:32:07 IST" name="Default Suite" finished-at="2022-04-21T10:32:33 IST" duration-ms="26044">
    <groups>
    </groups>
    <test started-at="2022-04-21T10:32:07 IST" name="MavenProject" finished-at="2022-04-21T10:32:33 IST" duration-ms="26044">
      <class name="Amazon">
        <test-method signature="testNGDemo()[pri:0, instance:Amazon@302552ec]" started-at="2022-04-21T10:32:07 IST" name="testNGDemo" finished-at="2022-04-21T10:32:07 IST" duration-ms="23" status="PASS">
          <reporter-output>
          </reporter-output>
        </test-method> <!-- testNGDemo -->
        <test-method signature="testNGProgram()[pri:0, instance:Amazon@302552ec]" started-at="2022-04-21T10:32:07 IST" name="testNGProgram" finished-at="2022-04-21T10:32:33 IST" duration-ms="25785" status="PASS">
          <reporter-output>
          </reporter-output>
        </test-method> <!-- testNGProgram -->
      </class> <!-- Amazon -->
    </test> <!-- MavenProject -->
  </suite> <!-- Default Suite -->
</testng-results>
